<?xml version="1.0" encoding="utf-8"?><testsuites name="pytest tests"><testsuite name="pytest" errors="0" failures="0" skipped="0" tests="14" time="6.206" timestamp="2026-01-20T23:29:36.675403+00:00" hostname="agent-env-b983c7d6-0338-4390-97c0-d5acb56b86ab"><testcase classname="tests.test_gridfs_audio.TestGridFSAudioStorage" name="test_upload_audio_returns_file_id" time="0.398" /><testcase classname="tests.test_gridfs_audio.TestGridFSAudioStorage" name="test_meeting_has_audio_file_id_after_upload" time="0.082" /><testcase classname="tests.test_gridfs_audio.TestGridFSAudioStorage" name="test_upload_requires_authentication" time="0.083" /><testcase classname="tests.test_gridfs_audio.TestGridFSAudioStorage" name="test_upload_rejects_invalid_file_type" time="0.011" /><testcase classname="tests.test_gridfs_audio.TestGridFSAudioStorage" name="test_upload_to_nonexistent_meeting" time="0.053" /><testcase classname="tests.test_gridfs_audio.TestGridFSAudioStorage" name="test_get_audio_streams_from_gridfs" time="0.075" /><testcase classname="tests.test_gridfs_audio.TestGridFSAudioStorage" name="test_get_audio_requires_authentication" time="0.034" /><testcase classname="tests.test_gridfs_audio.TestGridFSAudioStorage" name="test_get_audio_nonexistent_meeting" time="0.012" /><testcase classname="tests.test_gridfs_audio.TestGridFSAudioStorage" name="test_get_audio_meeting_without_audio" time="0.076" /><testcase classname="tests.test_gridfs_audio.TestGridFSAudioStorage" name="test_process_stores_audio_in_gridfs" time="4.650" /><testcase classname="tests.test_gridfs_audio.TestGridFSAudioStorage" name="test_process_requires_authentication" time="0.097" /><testcase classname="tests.test_gridfs_audio.TestGridFSAudioStorage" name="test_meeting_model_includes_audio_file_id_field" time="0.025" /><testcase classname="tests.test_gridfs_audio.TestGridFSAudioStorage" name="test_meeting_list_includes_audio_file_id" time="0.093" /><testcase classname="tests.test_gridfs_audio.TestGridFSAudioReplacement" name="test_upload_replaces_old_audio" time="0.437" /></testsuite></testsuites>