<?xml version="1.0" encoding="utf-8"?><testsuites name="pytest tests"><testsuite name="pytest" errors="0" failures="0" skipped="0" tests="21" time="8.601" timestamp="2026-01-20T23:06:06.736234+00:00" hostname="agent-env-b983c7d6-0338-4390-97c0-d5acb56b86ab"><testcase classname="tests.test_subscription_promo_referral.TestSubscriptionPlans" name="test_get_subscription_plans" time="0.081" /><testcase classname="tests.test_subscription_promo_referral.TestPromoCode" name="test_apply_promo_code_gillian_lowercase" time="0.315" /><testcase classname="tests.test_subscription_promo_referral.TestPromoCode" name="test_apply_promo_code_gillian_uppercase" time="0.542" /><testcase classname="tests.test_subscription_promo_referral.TestPromoCode" name="test_apply_promo_code_gillian_mixed_case" time="0.575" /><testcase classname="tests.test_subscription_promo_referral.TestPromoCode" name="test_apply_invalid_promo_code" time="0.586" /><testcase classname="tests.test_subscription_promo_referral.TestPromoCode" name="test_promo_code_requires_auth" time="0.297" /><testcase classname="tests.test_subscription_promo_referral.TestReferralSystem" name="test_user_gets_referral_code_on_registration" time="0.276" /><testcase classname="tests.test_subscription_promo_referral.TestReferralSystem" name="test_get_referrals_returns_earnings_info" time="0.276" /><testcase classname="tests.test_subscription_promo_referral.TestReferralSystem" name="test_validate_referral_code_valid" time="0.367" /><testcase classname="tests.test_subscription_promo_referral.TestReferralSystem" name="test_validate_referral_code_invalid" time="0.481" /><testcase classname="tests.test_subscription_promo_referral.TestReferralSystem" name="test_register_with_referral_code" time="0.573" /><testcase classname="tests.test_subscription_promo_referral.TestReferralSystem" name="test_referrals_requires_auth" time="0.312" /><testcase classname="tests.test_subscription_promo_referral.TestSubscriptionStatus" name="test_get_subscription_status_new_user" time="0.271" /><testcase classname="tests.test_subscription_promo_referral.TestSubscriptionStatus" name="test_subscription_status_requires_auth" time="0.327" /><testcase classname="tests.test_subscription_promo_referral.TestSubscriptionStatus" name="test_subscription_status_after_promo" time="0.374" /><testcase classname="tests.test_subscription_promo_referral.TestSubscriptionCheckout" name="test_create_checkout_session_weekly" time="0.807" /><testcase classname="tests.test_subscription_promo_referral.TestSubscriptionCheckout" name="test_create_checkout_session_yearly" time="0.927" /><testcase classname="tests.test_subscription_promo_referral.TestSubscriptionCheckout" name="test_checkout_invalid_plan" time="0.271" /><testcase classname="tests.test_subscription_promo_referral.TestSubscriptionCheckout" name="test_checkout_requires_auth" time="0.295" /><testcase classname="tests.test_subscription_promo_referral.TestLoginErrorHandling" name="test_login_invalid_credentials_returns_error" time="0.032" /><testcase classname="tests.test_subscription_promo_referral.TestLoginErrorHandling" name="test_login_wrong_password_returns_error" time="0.524" /></testsuite></testsuites>